[2020-12-16T15:07:27.494084+00:00] loginstream.INFO: Aufruf der Hauptseite. [] []
[2021-01-03T09:28:20.734964+00:00] loginstream.INFO: Aufruf der Hauptseite. [] []
[2021-01-03T09:28:57.299812+00:00] loginstream.INFO: Aufruf der Hauptseite. [] []
[2021-01-03T09:29:36.127113+00:00] loginstream.INFO: Aufruf der Hauptseite. [] []
[2021-01-03T09:31:19.463304+00:00] loginstream.INFO: Aufruf der Hauptseite. [] []
[2021-01-03T09:32:27.916045+00:00] loginstream.INFO: Erfolgreiche Anmeldung von.admin@emensa.example [] []
[2021-01-03T09:32:35.733131+00:00] loginstream.INFO: Aufruf der Hauptseite. [] []
[2021-01-03T09:32:39.380567+00:00] loginstream.INFO: Aufruf der Hauptseite. [] []
[2021-01-03T09:32:41.270012+00:00] loginstream.INFO: Aufruf der Hauptseite. [] []
[2021-01-03T09:32:59.061183+00:00] loginstream.INFO: Erfolgreiche Anmeldung von.mika@fh.de [] []
[2021-01-03T09:33:14.145732+00:00] loginstream.INFO: Aufruf der Hauptseite. [] []
[2021-01-03T09:34:19.848582+00:00] loginstream.INFO: Aufruf der Hauptseite. [] []
[2021-01-03T09:34:27.670814+00:00] loginstream.WARNING: Fehlgeschlagene Anmeldung vonmika@fh.de [] []
[2021-01-03T09:35:50.266202+00:00] loginstream.INFO: Aufruf der Hauptseite. [] []
[2021-01-03T09:36:27.811429+00:00] loginstream.INFO: Aufruf der Hauptseite. [] []
[2021-01-03T09:36:36.361844+00:00] loginstream.WARNING: Fehlgeschlagene Anmeldung vonmika@fh.de [] []
[2021-01-03T09:36:41.963648+00:00] loginstream.INFO: Erfolgreiche Anmeldung von.mika@fh.de [] []
[2021-01-03T09:38:47.057721+00:00] loginstream.INFO: Aufruf der Hauptseite. [] []
[2021-01-03T09:38:49.692528+00:00] loginstream.INFO: Erfolgreiche Abmeldung von. [] []
[2021-01-03T09:38:49.697202+00:00] loginstream.INFO: Aufruf der Hauptseite. [] []
